  Проверка источников на наличие зависимостей модуля…
  BPZ1902.Mgebrishvili.Lab3.Task2.ixx
  BPZ1902.Mgebrishvili.Lab3.Task1.ixx
  BPZ1902.Mgebrishvili.Lab3.Task4.a.ixx
  BPZ1902.Mgebrishvili.Lab3.Task3.ixx
  BPZ1902.Mgebrishvili.Lab3.Task4.f1.ixx
  BPZ1902.Mgebrishvili.Lab3.Task4.f2.ixx
  BPZ1902.Mgebrishvili.Lab3.Task4.f3.ixx
  BPZ1902.Mgebrishvili.Lab3.Task4.f4.ixx
  BPZ1902.Mgebrishvili.Lab3.Task5.ixx
  BPZ1902.Mgebrishvili.Lab3.Task4.ixx
  cmath
  Компиляция…
  cmath
  BPZ1902.Mgebrishvili.Lab3.Task2.ixx
  BPZ1902.Mgebrishvili.Lab3.Task1.ixx
  BPZ1902.Mgebrishvili.Lab3.Task3.ixx
  BPZ1902.Mgebrishvili.Lab3.Task4.a.ixx
  BPZ1902.Mgebrishvili.Lab3.Task4.f2.ixx
  BPZ1902.Mgebrishvili.Lab3.Task4.f1.ixx
  BPZ1902.Mgebrishvili.Lab3.Task5.ixx
  BPZ1902.Mgebrishvili.Lab3.Task4.f3.ixx
  BPZ1902.Mgebrishvili.Lab3.Task4.f4.ixx
  BPZ1902.Mgebrishvili.Lab3.Task4.ixx
  BPZ1902.Mgebrishvili.Lab3.Task1.cpp
  BPZ1902.Mgebrishvili.Lab3.Task2.cpp
  BPZ1902.Mgebrishvili.Lab3.Task3.a.cpp
  BPZ1902.Mgebrishvili.Lab3.Task3.f1.cpp
  BPZ1902.Mgebrishvili.Lab3.Task3.f2.cpp
  BPZ1902.Mgebrishvili.Lab3.Task3.f3.cpp
  BPZ1902.Mgebrishvili.Lab3.Task3.f4.cpp
  BPZ1902.Mgebrishvili.Lab3.Task4.a.cpp
  BPZ1902.Mgebrishvili.Lab3.Task4.f1.cpp
  BPZ1902.Mgebrishvili.Lab3.Task4.f2.cpp
  BPZ1902.Mgebrishvili.Lab3.Task4.f3.cpp
  BPZ1902.Mgebrishvili.Lab3.Task4.f4.cpp
  main.cpp
  Создание кода...
  Lab3.vcxproj -> C:\Users\burni\Desktop\Иветта\RBPOlabs\L3\Lab3\Debug\Lab3.exe
